<?xml version="1.0" encoding="UTF-8"?>
<testng-results skipped="0" failed="1" total="1" passed="0">
  <reporter-output>
  </reporter-output>
  <suite name="TestSuite" duration-ms="18764" started-at="2020-09-18T18:06:40Z" finished-at="2020-09-18T18:06:59Z">
    <groups>
    </groups>
    <test name="TestNg Testing" duration-ms="18764" started-at="2020-09-18T18:06:40Z" finished-at="2020-09-18T18:06:59Z">
      <class name="regSuite_Tests.SampleTests">
        <test-method status="PASS" signature="setUp()[pri:0, instance:regSuite_Tests.SampleTests@39ba5a14]" name="setUp" is-config="true" duration-ms="6114" started-at="2020-09-18T18:06:34Z" finished-at="2020-09-18T18:06:40Z">
        </test-method>
        <test-method status="PASS" signature="launchApp()[pri:0, instance:regSuite_Tests.SampleTests@39ba5a14]" name="launchApp" is-config="true" duration-ms="12236" started-at="2020-09-18T18:06:40Z" finished-at="2020-09-18T18:06:52Z">
        </test-method>
        <test-method status="FAIL" signature="searchABook(java.lang.String)[pri:0, instance:regSuite_Tests.SampleTests@39ba5a14]" name="searchABook" duration-ms="6516" started-at="2020-09-18T18:06:52Z" finished-at="2020-09-18T18:06:59Z">
          <params>
            <param index="0">
              <value>
                <![CDATA[Harry Potter]]>
              </value>
            </param>
          </params>
          <exception class="java.lang.AssertionError">
            <message>
              <![CDATA[expected:<true> but was:<false>]]>
            </message>
            <full-stacktrace>
              <![CDATA[java.lang.AssertionError: expected:<true> but was:<false>
	at org.testng.Assert.fail(Assert.java:89)
	at org.testng.Assert.failNotEquals(Assert.java:489)
	at org.testng.Assert.assertTrue(Assert.java:37)
	at org.testng.Assert.assertTrue(Assert.java:47)
	at regSuite_PageObjects.HomePage.assertSearchTitle(HomePage.java:42)
	at regSuite_Tests.SampleTests.searchABook(SampleTests.java:19)
	at sun.reflect.NativeMethodAccessorImpl.invoke0(Native Method)
	at sun.reflect.NativeMethodAccessorImpl.invoke(NativeMethodAccessorImpl.java:62)
	at sun.reflect.DelegatingMethodAccessorImpl.invoke(DelegatingMethodAccessorImpl.java:43)
	at java.lang.reflect.Method.invoke(Method.java:498)
	at org.testng.internal.MethodInvocationHelper.invokeMethod(MethodInvocationHelper.java:80)
	at org.testng.internal.Invoker.invokeMethod(Invoker.java:691)
	at org.testng.internal.Invoker.invokeTestMethod(Invoker.java:883)
	at org.testng.internal.Invoker.invokeTestMethods(Invoker.java:1208)
	at org.testng.internal.TestMethodWorker.invokeTestMethods(TestMethodWorker.java:127)
	at org.testng.internal.TestMethodWorker.run(TestMethodWorker.java:111)
	at org.testng.TestRunner.privateRun(TestRunner.java:758)
	at org.testng.TestRunner.run(TestRunner.java:613)
	at org.testng.SuiteRunner.runTest(SuiteRunner.java:334)
	at org.testng.SuiteRunner.runSequentially(SuiteRunner.java:329)
	at org.testng.SuiteRunner.privateRun(SuiteRunner.java:291)
	at org.testng.SuiteRunner.run(SuiteRunner.java:240)
	at org.testng.SuiteRunnerWorker.runSuite(SuiteRunnerWorker.java:53)
	at org.testng.SuiteRunnerWorker.run(SuiteRunnerWorker.java:87)
	at org.testng.TestNG.runSuitesSequentially(TestNG.java:1137)
	at org.testng.TestNG.runSuitesLocally(TestNG.java:1062)
	at org.testng.TestNG.run(TestNG.java:974)
	at org.apache.maven.surefire.testng.TestNGExecutor.run(TestNGExecutor.java:178)
	at org.apache.maven.surefire.testng.TestNGXmlTestSuite.execute(TestNGXmlTestSuite.java:92)
	at org.apache.maven.surefire.testng.TestNGProvider.invoke(TestNGProvider.java:96)
	at sun.reflect.NativeMethodAccessorImpl.invoke0(Native Method)
	at sun.reflect.NativeMethodAccessorImpl.invoke(NativeMethodAccessorImpl.java:62)
	at sun.reflect.DelegatingMethodAccessorImpl.invoke(DelegatingMethodAccessorImpl.java:43)
	at java.lang.reflect.Method.invoke(Method.java:498)
	at org.apache.maven.surefire.util.ReflectionUtils.invokeMethodWithArray2(ReflectionUtils.java:208)
	at org.apache.maven.surefire.booter.ProviderFactory$ProviderProxy.invoke(ProviderFactory.java:159)
	at org.apache.maven.surefire.booter.ProviderFactory.invokeProvider(ProviderFactory.java:87)
	at org.apache.maven.surefire.booter.ForkedBooter.runSuitesInProcess(ForkedBooter.java:153)
	at org.apache.maven.surefire.booter.ForkedBooter.main(ForkedBooter.java:95)
]]>
            </full-stacktrace>
          </exception>
        </test-method>
        <test-method status="PASS" signature="teardown()[pri:0, instance:regSuite_Tests.SampleTests@39ba5a14]" name="teardown" is-config="true" duration-ms="815" started-at="2020-09-18T18:06:59Z" finished-at="2020-09-18T18:07:00Z">
        </test-method>
      </class>
    </test>
  </suite>
</testng-results>
